<?xml version="1.0" encoding="UTF-8" standalone="yes"?><!DOCTYPE report PUBLIC "-//JACOCO//DTD Report 1.1//EN" "report.dtd"><report name="code_coverage_3"><sessioninfo id="DESKTOP-V7MO37L-b74df72" start="1766410393243" dump="1766410393660"/><sessioninfo id="DESKTOP-V7MO37L-822cd007" start="1766411846077" dump="1766411846535"/><sessioninfo id="DESKTOP-V7MO37L-846e2830" start="1766411847380" dump="1766411847836"/><sessioninfo id="DESKTOP-V7MO37L-e9468b7a" start="1766412174137" dump="1766412174586"/><sessioninfo id="DESKTOP-V7MO37L-57fb24c5" start="1766412175383" dump="1766412175786"/><sessioninfo id="DESKTOP-V7MO37L-66533c18" start="1766412242299" dump="1766412242741"/><sessioninfo id="DESKTOP-V7MO37L-e50aebf7" start="1766412243520" dump="1766412243922"/><sessioninfo id="DESKTOP-V7MO37L-ea5c13f1" start="1766412290863" dump="1766412291332"/><sessioninfo id="DESKTOP-V7MO37L-e1906cf2" start="1766412292092" dump="1766412292503"/><sessioninfo id="DESKTOP-V7MO37L-c8caf147" start="1766412407904" dump="1766412408367"/><sessioninfo id="DESKTOP-V7MO37L-b5ecb25" start="1766412409147" dump="1766412409559"/><sessioninfo id="DESKTOP-V7MO37L-8474456e" start="1766413058884" dump="1766413059407"/><sessioninfo id="DESKTOP-V7MO37L-c94b0fa" start="1766413060182" dump="1766413060679"/><sessioninfo id="DESKTOP-V7MO37L-d1cf7016" start="1766413370417" dump="1766413370833"/><sessioninfo id="DESKTOP-V7MO37L-1ed134" start="1766413371607" dump="1766413372168"/><sessioninfo id="DESKTOP-V7MO37L-4c2f38c0" start="1766413794824" dump="1766413795252"/><sessioninfo id="DESKTOP-V7MO37L-6836016f" start="1766413796047" dump="1766413796512"/><sessioninfo id="DESKTOP-V7MO37L-f123cb65" start="1766418145977" dump="1766418146537"/><sessioninfo id="DESKTOP-V7MO37L-39fb5217" start="1766418147374" dump="1766418147935"/><sessioninfo id="DESKTOP-V7MO37L-c373dff" start="1766418220349" dump="1766418220813"/><sessioninfo id="DESKTOP-V7MO37L-903ddaba" start="1766418221637" dump="1766418222154"/><sessioninfo id="DESKTOP-V7MO37L-54633627" start="1766418412163" dump="1766418412685"/><sessioninfo id="DESKTOP-V7MO37L-fb49c27f" start="1766418413525" dump="1766418414011"/><sessioninfo id="DESKTOP-V7MO37L-bc331cf9" start="1766418438252" dump="1766418438765"/><sessioninfo id="DESKTOP-V7MO37L-76ee536a" start="1766418439601" dump="1766418440048"/><sessioninfo id="DESKTOP-V7MO37L-2357b430" start="1766418609247" dump="1766418609672"/><sessioninfo id="DESKTOP-V7MO37L-9b21a2cd" start="1766418610395" dump="1766418610824"/><sessioninfo id="DESKTOP-V7MO37L-f85000c8" start="1766418746517" dump="1766418747057"/><sessioninfo id="DESKTOP-V7MO37L-4c2bfab" start="1766418747808" dump="1766418748375"/><sessioninfo id="DESKTOP-V7MO37L-bd842f0d" start="1766419130840" dump="1766419131278"/><sessioninfo id="DESKTOP-V7MO37L-b852e67c" start="1766419132001" dump="1766419132501"/><sessioninfo id="DESKTOP-V7MO37L-62e6d27" start="1766419349209" dump="1766419349636"/><sessioninfo id="DESKTOP-V7MO37L-1da88697" start="1766419350406" dump="1766419350821"/><sessioninfo id="DESKTOP-V7MO37L-a06b6f9" start="1767184163299" dump="1767184163757"/><sessioninfo id="DESKTOP-V7MO37L-84052006" start="1767186070304" dump="1767186070701"/><sessioninfo id="DESKTOP-V7MO37L-d5bb1a48" start="1767186071475" dump="1767186071981"/><sessioninfo id="DESKTOP-V7MO37L-3bcfa466" start="1767186072790" dump="1767186073220"/><sessioninfo id="DESKTOP-V7MO37L-7cc1069b" start="1767186073960" dump="1767186074318"/><sessioninfo id="DESKTOP-V7MO37L-9a500d89" start="1767186075070" dump="1767186075436"/><sessioninfo id="DESKTOP-V7MO37L-55aabd69" start="1767186258754" dump="1767186259143"/><sessioninfo id="DESKTOP-V7MO37L-c64a8b94" start="1767186259912" dump="1767186260385"/><sessioninfo id="DESKTOP-V7MO37L-d98b9f" start="1767186261158" dump="1767186261589"/><sessioninfo id="DESKTOP-V7MO37L-b104fedd" start="1767186262396" dump="1767186262796"/><sessioninfo id="DESKTOP-V7MO37L-96b96751" start="1767186263541" dump="1767186263907"/><sessioninfo id="DESKTOP-V7MO37L-fa48fc35" start="1767194608567" dump="1767194608983"/><sessioninfo id="DESKTOP-V7MO37L-a4e89ca3" start="1767194609718" dump="1767194610235"/><sessioninfo id="DESKTOP-V7MO37L-a31de43b" start="1767194611010" dump="1767194611420"/><sessioninfo id="DESKTOP-V7MO37L-6d25d8b6" start="1767194612175" dump="1767194612565"/><sessioninfo id="DESKTOP-V7MO37L-c9a3f4e3" start="1767194613342" dump="1767194613808"/><sessioninfo id="DESKTOP-V7MO37L-46655427" start="1767691010744" dump="1767691011161"/><sessioninfo id="DESKTOP-V7MO37L-42b1408f" start="1767691011860" dump="1767691012303"/><sessioninfo id="DESKTOP-V7MO37L-21014455" start="1767691012990" dump="1767691013339"/><sessioninfo id="DESKTOP-V7MO37L-daf277c2" start="1767691014015" dump="1767691014427"/><sessioninfo id="DESKTOP-V7MO37L-1ff0bfeb" start="1767691015112" dump="1767691015461"/><sessioninfo id="DESKTOP-V7MO37L-41b675d8" start="1767691090525" dump="1767691090902"/><sessioninfo id="DESKTOP-V7MO37L-d8329539" start="1767691091588" dump="1767691092130"/><sessioninfo id="DESKTOP-V7MO37L-511f2b19" start="1767691092868" dump="1767691093244"/><sessioninfo id="DESKTOP-V7MO37L-63ca29cf" start="1767691093942" dump="1767691094360"/><sessioninfo id="DESKTOP-V7MO37L-414e6d48" start="1767691095082" dump="1767691095511"/><sessioninfo id="DESKTOP-V7MO37L-af19acfd" start="1768229384757" dump="1768229385193"/><sessioninfo id="DESKTOP-V7MO37L-6e6e8f2b" start="1768229385958" dump="1768229386402"/><sessioninfo id="DESKTOP-V7MO37L-4e0b2641" start="1768229387240" dump="1768229387642"/><sessioninfo id="DESKTOP-V7MO37L-9fe59a56" start="1768229388438" dump="1768229388880"/><sessioninfo id="DESKTOP-V7MO37L-8b3bd5f9" start="1768229389649" dump="1768229390045"/><sessioninfo id="DESKTOP-V7MO37L-707d7599" start="1768229447033" dump="1768229447411"/><sessioninfo id="DESKTOP-V7MO37L-ba6a7b3" start="1768229448157" dump="1768229448590"/><sessioninfo id="DESKTOP-V7MO37L-dee6c753" start="1768229449441" dump="1768229449810"/><sessioninfo id="DESKTOP-V7MO37L-e0bbcb72" start="1768229450571" dump="1768229450974"/><sessioninfo id="DESKTOP-V7MO37L-1b2c5605" start="1768229451728" dump="1768229452108"/><sessioninfo id="DESKTOP-V7MO37L-c3d515ef" start="1768229572830" dump="1768229573284"/><sessioninfo id="DESKTOP-V7MO37L-fc6d268e" start="1768229574057" dump="1768229574491"/><sessioninfo id="DESKTOP-V7MO37L-743b85d8" start="1768229575304" dump="1768229575645"/><sessioninfo id="DESKTOP-V7MO37L-e483cbf6" start="1768229576420" dump="1768229576873"/><sessioninfo id="DESKTOP-V7MO37L-25206e60" start="1768229577622" dump="1768229578087"/><sessioninfo id="DESKTOP-V7MO37L-a938e898" start="1768229645507" dump="1768229645884"/><sessioninfo id="DESKTOP-V7MO37L-b695734d" start="1768229646643" dump="1768229647077"/><sessioninfo id="DESKTOP-V7MO37L-553ddf99" start="1768229647843" dump="1768229648250"/><sessioninfo id="DESKTOP-V7MO37L-5f8cae31" start="1768229649057" dump="1768229649446"/><sessioninfo id="DESKTOP-V7MO37L-44700bc9" start="1768229650256" dump="1768229650666"/><sessioninfo id="DESKTOP-V7MO37L-35dd75c5" start="1768229683553" dump="1768229683937"/><sessioninfo id="DESKTOP-V7MO37L-d2d1698c" start="1768229684755" dump="1768229685211"/><sessioninfo id="DESKTOP-V7MO37L-40cdb5a1" start="1768229685976" dump="1768229686353"/><sessioninfo id="DESKTOP-V7MO37L-f6668b4f" start="1768229687211" dump="1768229687589"/><sessioninfo id="DESKTOP-V7MO37L-a6d376e9" start="1768229688371" dump="1768229688745"/><package name="code_coverage_4/code_coverage_4"><class name="code_coverage_4/code_coverage_4/Func3" sourcefilename="Func3.java"><method name="&lt;init&gt;" desc="()V" line="3"><counter type="INSTRUCTION" missed="3" covered="0"/><counter type="LINE" missed="1" covered="0"/><counter type="COMPLEXITY" missed="1" covered="0"/><counter type="METHOD" missed="1" covered="0"/></method><method name="func3" desc="(I)Ljava/lang/String;" line="6"><counter type="INSTRUCTION" missed="14" covered="8"/><counter type="BRANCH" missed="1" covered="1"/><counter type="LINE" missed="2" covered="3"/><counter type="COMPLEXITY" missed="1" covered="1"/><counter type="METHOD" missed="0" covered="1"/></method><counter type="INSTRUCTION" missed="17" covered="8"/><counter type="BRANCH" missed="1" covered="1"/><counter type="LINE" missed="3" covered="3"/><counter type="COMPLEXITY" missed="2" covered="1"/><counter type="METHOD" missed="1" covered="1"/><counter type="CLASS" missed="0" covered="1"/></class><class name="code_coverage_4/code_coverage_4/Func2" sourcefilename="Func2.java"><method name="&lt;init&gt;" desc="()V" line="3"><counter type="INSTRUCTION" missed="3" covered="0"/><counter type="LINE" missed="1" covered="0"/><counter type="COMPLEXITY" missed="1" covered="0"/><counter type="METHOD" missed="1" covered="0"/></method><method name="func2" desc="(FF)Ljava/lang/String;" line="7"><counter type="INSTRUCTION" missed="0" covered="27"/><counter type="BRANCH" missed="0" covered="2"/><counter type="LINE" missed="0" covered="4"/><counter type="COMPLEXITY" missed="0" covered="2"/><counter type="METHOD" missed="0" covered="1"/></method><counter type="INSTRUCTION" missed="3" covered="27"/><counter type="BRANCH" missed="0" covered="2"/><counter type="LINE" missed="1" covered="4"/><counter type="COMPLEXITY" missed="1" covered="2"/><counter type="METHOD" missed="1" covered="1"/><counter type="CLASS" missed="0" covered="1"/></class><class name="code_coverage_4/code_coverage_4/Func1" sourcefilename="Func1.java"><method name="&lt;init&gt;" desc="()V" line="4"><counter type="INSTRUCTION" missed="3" covered="0"/><counter type="LINE" missed="1" covered="0"/><counter type="COMPLEXITY" missed="1" covered="0"/><counter type="METHOD" missed="1" covered="0"/></method><method name="func1" desc="(III)I" line="7"><counter type="INSTRUCTION" missed="0" covered="24"/><counter type="BRANCH" missed="0" covered="6"/><counter type="LINE" missed="0" covered="5"/><counter type="COMPLEXITY" missed="0" covered="4"/><counter type="METHOD" missed="0" covered="1"/></method><counter type="INSTRUCTION" missed="3" covered="24"/><counter type="BRANCH" missed="0" covered="6"/><counter type="LINE" missed="1" covered="5"/><counter type="COMPLEXITY" missed="1" covered="4"/><counter type="METHOD" missed="1" covered="1"/><counter type="CLASS" missed="0" covered="1"/></class><class name="code_coverage_4/code_coverage_4/WeakMethod" sourcefilename="WeakMethod.java"><method name="&lt;init&gt;" desc="()V" line="3"><counter type="INSTRUCTION" missed="3" covered="0"/><counter type="LINE" missed="1" covered="0"/><counter type="COMPLEXITY" missed="1" covered="0"/><counter type="METHOD" missed="1" covered="0"/></method><method name="weakMethod" desc="(I)Ljava/lang/String;" line="6"><counter type="INSTRUCTION" missed="0" covered="20"/><counter type="BRANCH" missed="0" covered="2"/><counter type="LINE" missed="0" covered="5"/><counter type="COMPLEXITY" missed="0" covered="2"/><counter type="METHOD" missed="0" covered="1"/></method><counter type="INSTRUCTION" missed="3" covered="20"/><counter type="BRANCH" missed="0" covered="2"/><counter type="LINE" missed="1" covered="5"/><counter type="COMPLEXITY" missed="1" covered="2"/><counter type="METHOD" missed="1" covered="1"/><counter type="CLASS" missed="0" covered="1"/></class><sourcefile name="Func3.java"><line nr="3" mi="3" ci="0" mb="0" cb="0"/><line nr="6" mi="0" ci="2" mb="0" cb="0"/><line nr="8" mi="0" ci="2" mb="1" cb="1"/><line nr="9" mi="0" ci="4" mb="0" cb="0"/><line nr="11" mi="4" ci="0" mb="0" cb="0"/><line nr="13" mi="10" ci="0" mb="0" cb="0"/><counter type="INSTRUCTION" missed="17" covered="8"/><counter type="BRANCH" missed="1" covered="1"/><counter type="LINE" missed="3" covered="3"/><counter type="COMPLEXITY" missed="2" covered="1"/><counter type="METHOD" missed="1" covered="1"/><counter type="CLASS" missed="0" covered="1"/></sourcefile><sourcefile name="WeakMethod.java"><line nr="3" mi="3" ci="0" mb="0" cb="0"/><line nr="6" mi="0" ci="2" mb="0" cb="0"/><line nr="8" mi="0" ci="2" mb="0" cb="2"/><line nr="9" mi="0" ci="2" mb="0" cb="0"/><line nr="11" mi="0" ci="6" mb="0" cb="0"/><line nr="12" mi="0" ci="8" mb="0" cb="0"/><counter type="INSTRUCTION" missed="3" covered="20"/><counter type="BRANCH" missed="0" covered="2"/><counter type="LINE" missed="1" covered="5"/><counter type="COMPLEXITY" missed="1" covered="2"/><counter type="METHOD" missed="1" covered="1"/><counter type="CLASS" missed="0" covered="1"/></sourcefile><sourcefile name="Func1.java"><line nr="4" mi="3" ci="0" mb="0" cb="0"/><line nr="7" mi="0" ci="2" mb="0" cb="0"/><line nr="9" mi="0" ci="12" mb="0" cb="6"/><line nr="10" mi="0" ci="4" mb="0" cb="0"/><line nr="12" mi="0" ci="4" mb="0" cb="0"/><line nr="14" mi="0" ci="2" mb="0" cb="0"/><counter type="INSTRUCTION" missed="3" covered="24"/><counter type="BRANCH" missed="0" covered="6"/><counter type="LINE" missed="1" covered="5"/><counter type="COMPLEXITY" missed="1" covered="4"/><counter type="METHOD" missed="1" covered="1"/><counter type="CLASS" missed="0" covered="1"/></sourcefile><sourcefile name="Func2.java"><line nr="3" mi="3" ci="0" mb="0" cb="0"/><line nr="7" mi="0" ci="4" mb="0" cb="2"/><line nr="8" mi="0" ci="4" mb="0" cb="0"/><line nr="12" mi="0" ci="4" mb="0" cb="0"/><line nr="14" mi="0" ci="15" mb="0" cb="0"/><counter type="INSTRUCTION" missed="3" covered="27"/><counter type="BRANCH" missed="0" covered="2"/><counter type="LINE" missed="1" covered="4"/><counter type="COMPLEXITY" missed="1" covered="2"/><counter type="METHOD" missed="1" covered="1"/><counter type="CLASS" missed="0" covered="1"/></sourcefile><counter type="INSTRUCTION" missed="26" covered="79"/><counter type="BRANCH" missed="1" covered="11"/><counter type="LINE" missed="6" covered="17"/><counter type="COMPLEXITY" missed="5" covered="9"/><counter type="METHOD" missed="4" covered="4"/><counter type="CLASS" missed="0" covered="4"/></package><counter type="INSTRUCTION" missed="26" covered="79"/><counter type="BRANCH" missed="1" covered="11"/><counter type="LINE" missed="6" covered="17"/><counter type="COMPLEXITY" missed="5" covered="9"/><counter type="METHOD" missed="4" covered="4"/><counter type="CLASS" missed="0" covered="4"/></report>